<?xml version="1.0" encoding="UTF-8" ?>
<testsuite tests="2" failures="0" name="sample.CreatureTest" time="0.041" errors="0" skipped="0">
  <properties>
    <property name="java.vendor" value="Oracle Corporation"/>
    <property name="env.SYSTEMROOT" value="C:\WINDOWS"/>
    <property name="localRepository" value="C:\Users\50437\.m2\repository"/>
    <property name="env.USERDOMAIN_ROAMINGPROFILE" value="LAPTOP-073H2GR2"/>
    <property name="sun.java.launcher" value="SUN_STANDARD"/>
    <property name="env.SYNCPATH" value="D:\LenovoCloud1"/>
    <property name="sun.management.compiler" value="HotSpot 64-Bit Tiered Compilers"/>
    <property name="env.ONEDRIVE" value="C:\Users\50437\OneDrive"/>
    <property name="os.name" value="Windows 10"/>
    <property name="sun.boot.class.path" value="D:\Program Files\Java\jdk1.8.0_191\jre\lib\resources.jar;D:\Program Files\Java\jdk1.8.0_191\jre\lib\rt.jar;D:\Program Files\Java\jdk1.8.0_191\jre\lib\sunrsasign.jar;D:\Program Files\Java\jdk1.8.0_191\jre\lib\jsse.jar;D:\Program Files\Java\jdk1.8.0_191\jre\lib\jce.jar;D:\Program Files\Java\jdk1.8.0_191\jre\lib\charsets.jar;D:\Program Files\Java\jdk1.8.0_191\jre\lib\jfr.jar;D:\Program Files\Java\jdk1.8.0_191\jre\classes"/>
    <property name="env.COMPUTERNAME" value="LAPTOP-073H2GR2"/>
    <property name="env.ALLUSERSPROFILE" value="C:\ProgramData"/>
    <property name="env.GTK_BASEPATH" value="C:\Program Files (x86)\GtkSharp\2.12\"/>
    <property name="sun.desktop" value="windows"/>
    <property name="java.vm.specification.vendor" value="Oracle Corporation"/>
    <property name="java.runtime.version" value="1.8.0_191-b12"/>
    <property name="env.HOMEPATH" value="\Users\50437"/>
    <property name="user.name" value="50437"/>
    <property name="maven.build.version" value="Apache Maven 3.3.9 (bb52d8502b132ec0a5a3f4c09453c07478323dc5; 2015-11-11T00:41:47+08:00)"/>
    <property name="env.DRIVERDATA" value="C:\Windows\System32\Drivers\DriverData"/>
    <property name="env.ONEDRIVECONSUMER" value="C:\Users\50437\OneDrive"/>
    <property name="env.PATH" value="D:\Program Files\java8\jdk1.8.0_191\bin;D:\Program Files\java8\jdk1.8.0_191\jre\bin;C:\Program Files (x86)\Common Files\Oracle\Java\javapath;C:\Windows\system32;C:\Windows;C:\Windows\System32\Wbem;C:\Windows\System32\WindowsPowerShell\v1.0\;C:\Program Files (x86)\NVIDIA Corporation\PhysX\Common;C:\Program Files\Microsoft SQL Server\130\Tools\Binn\;C:\WINDOWS\system32;C:\WINDOWS;C:\WINDOWS\System32\Wbem;C:\WINDOWS\System32\WindowsPowerShell\v1.0\;C:\Program Files (x86)\Windows Kits\8.1\Windows Performance Toolkit\;C:\Program Files\Microsoft SQL Server\110\Tools\Binn\;C:\Program Files (x86)\Bitvise SSH Client;C:\Program Files (x86)\IDM Computer Solutions\UltraEdit;C:\ProgramData\Oracle\Java\javapath;C:\Program Files (x86)\GtkSharp\2.12\bin;D:\Program Files\MATLAB\R2017a\runtime\win64;D:\Program Files\MATLAB\R2017a\bin;C:\WINDOWS\System32\OpenSSH\;C:\Program Files\MySQL\MySQL Server 8.0\bin;D:\Anaconda;D:\Anaconda\Scripts;C:\Users\50437\AppData\Local\Microsoft\WindowsApps;C:\Users\50437\AppData\Local\GitHubDesktop\bin;D:\Applications\Microsoft VS Code\bin"/>
    <property name="user.language" value="zh"/>
    <property name="idea.version" value="2018.2.2"/>
    <property name="env.WINDIR" value="C:\WINDOWS"/>
    <property name="sun.boot.library.path" value="D:\Program Files\Java\jdk1.8.0_191\jre\bin"/>
    <property name="env.MYSQL_HOME" value="C:\Program Files\MySQL\MySQL Server 8.0\"/>
    <property name="classworlds.conf" value="D:\Program Files\JetBrains\IntelliJ IDEA 2018.2.2\plugins\maven\lib\maven3\bin\m2.conf"/>
    <property name="java.version" value="1.8.0_191"/>
    <property name="env.PROCESSOR_IDENTIFIER" value="Intel64 Family 6 Model 78 Stepping 3, GenuineIntel"/>
    <property name="user.timezone" value=""/>
    <property name="env.TEMP" value="C:\Users\50437\AppData\Local\Temp"/>
    <property name="sun.arch.data.model" value="64"/>
    <property name="java.endorsed.dirs" value="D:\Program Files\Java\jdk1.8.0_191\jre\lib\endorsed"/>
    <property name="sun.cpu.isalist" value="amd64"/>
    <property name="env.HOMEDRIVE" value="C:"/>
    <property name="sun.jnu.encoding" value="GBK"/>
    <property name="file.encoding.pkg" value="sun.io"/>
    <property name="env.SYSTEMDRIVE" value="C:"/>
    <property name="file.separator" value="\"/>
    <property name="java.specification.name" value="Java Platform API Specification"/>
    <property name="java.class.version" value="52.0"/>
    <property name="user.country" value="CN"/>
    <property name="java.home" value="D:\Program Files\Java\jdk1.8.0_191\jre"/>
    <property name="env.APPDATA" value="C:\Users\50437\AppData\Roaming"/>
    <property name="env.CONFIGSETROOT" value="C:\WINDOWS\ConfigSetRoot"/>
    <property name="env.PUBLIC" value="C:\Users\Public"/>
    <property name="java.vm.info" value="mixed mode"/>
    <property name="env.OS" value="Windows_NT"/>
    <property name="os.version" value="10.0"/>
    <property name="env.=::" value="::\"/>
    <property name="path.separator" value=";"/>
    <property name="java.vm.version" value="25.191-b12"/>
    <property name="env.USERPROFILE" value="C:\Users\50437"/>
    <property name="user.variant" value=""/>
    <property name="env.JAVA_HOME" value="D:\Program Files\java8\jdk1.8.0_191"/>
    <property name="java.awt.printerjob" value="sun.awt.windows.WPrinterJob"/>
    <property name="env.TMP" value="C:\Users\50437\AppData\Local\Temp"/>
    <property name="env.FPS_BROWSER_USER_PROFILE_STRING" value="Default"/>
    <property name="env.PROGRAMFILES" value="C:\Program Files"/>
    <property name="sun.io.unicode.encoding" value="UnicodeLittle"/>
    <property name="awt.toolkit" value="sun.awt.windows.WToolkit"/>
    <property name="user.script" value=""/>
    <property name="user.home" value="C:\Users\50437"/>
    <property name="env.COMMONPROGRAMFILES" value="C:\Program Files\Common Files"/>
    <property name="env.VS140COMNTOOLS" value="D:\Applications\Common7\Tools\"/>
    <property name="env.SESSIONNAME" value="Console"/>
    <property name="java.specification.vendor" value="Oracle Corporation"/>
    <property name="env.CLASSPATH" value=".;D:\Program Files\java8\jdk1.8.0_191\lib\dt.jar;D:\Program Files\java8\jdk1.8.0_191\lib\tools.jar"/>
    <property name="java.vendor.url" value="http://java.oracle.com/"/>
    <property name="env.NUMBER_OF_PROCESSORS" value="4"/>
    <property name="java.library.path" value="D:\Program Files\Java\jdk1.8.0_191\bin;C:\WINDOWS\Sun\Java\bin;C:\WINDOWS\system32;C:\WINDOWS;D:\Program Files\java8\jdk1.8.0_191\bin;D:\Program Files\java8\jdk1.8.0_191\jre\bin;C:\Program Files (x86)\Common Files\Oracle\Java\javapath;C:\Windows\system32;C:\Windows;C:\Windows\System32\Wbem;C:\Windows\System32\WindowsPowerShell\v1.0\;C:\Program Files (x86)\NVIDIA Corporation\PhysX\Common;C:\Program Files\Microsoft SQL Server\130\Tools\Binn\;C:\WINDOWS\system32;C:\WINDOWS;C:\WINDOWS\System32\Wbem;C:\WINDOWS\System32\WindowsPowerShell\v1.0\;C:\Program Files (x86)\Windows Kits\8.1\Windows Performance Toolkit\;C:\Program Files\Microsoft SQL Server\110\Tools\Binn\;C:\Program Files (x86)\Bitvise SSH Client;C:\Program Files (x86)\IDM Computer Solutions\UltraEdit;C:\ProgramData\Oracle\Java\javapath;C:\Program Files (x86)\GtkSharp\2.12\bin;D:\Program Files\MATLAB\R2017a\runtime\win64;D:\Program Files\MATLAB\R2017a\bin;C:\WINDOWS\System32\OpenSSH\;C:\Program Files\MySQL\MySQL Server 8.0\bin;D:\Anaconda;D:\Anaconda\Scripts;C:\Users\50437\AppData\Local\Microsoft\WindowsApps;C:\Users\50437\AppData\Local\GitHubDesktop\bin;D:\Applications\Microsoft VS Code\bin;."/>
    <property name="env.PSMODULEPATH" value="C:\Program Files\WindowsPowerShell\Modules;C:\WINDOWS\system32\WindowsPowerShell\v1.0\Modules"/>
    <property name="env.COMMONPROGRAMFILES(X86)" value="C:\Program Files (x86)\Common Files"/>
    <property name="java.vm.vendor" value="Oracle Corporation"/>
    <property name="java.runtime.name" value="Java(TM) SE Runtime Environment"/>
    <property name="maven.home" value="D:\Program Files\JetBrains\IntelliJ IDEA 2018.2.2\plugins\maven\lib\maven3"/>
    <property name="java.class.path" value="D:\Program Files\JetBrains\IntelliJ IDEA 2018.2.2\plugins\maven\lib\maven3\boot\plexus-classworlds-2.5.2.jar;D:\Program Files\JetBrains\IntelliJ IDEA 2018.2.2\lib\idea_rt.jar"/>
    <property name="sun.java.command" value="org.codehaus.classworlds.Launcher -Didea.version=2018.2.2 package"/>
    <property name="env.PROGRAMW6432" value="C:\Program Files"/>
    <property name="maven.version" value="3.3.9"/>
    <property name="env.PROGRAMFILES(X86)" value="C:\Program Files (x86)"/>
    <property name="java.vm.specification.name" value="Java Virtual Machine Specification"/>
    <property name="env.LOGONSERVER" value="\\LAPTOP-073H2GR2"/>
    <property name="java.vm.specification.version" value="1.8"/>
    <property name="env.PROCESSOR_ARCHITECTURE" value="AMD64"/>
    <property name="env.COMMONPROGRAMW6432" value="C:\Program Files\Common Files"/>
    <property name="sun.os.patch.level" value=""/>
    <property name="sun.cpu.endian" value="little"/>
    <property name="surefire.test.class.path" value="C:\Users\50437\IdeaProjects\test\target\test-classes;C:\Users\50437\IdeaProjects\test\target\classes;C:\Users\50437\.m2\repository\junit\junit\4.12\junit-4.12.jar;C:\Users\50437\.m2\repository\org\hamcrest\hamcrest-core\1.3\hamcrest-core-1.3.jar;C:\Users\50437\.m2\repository\org\jboss\arquillian\junit\arquillian-junit-container\1.1.3.Final\arquillian-junit-container-1.1.3.Final.jar;C:\Users\50437\.m2\repository\org\jboss\arquillian\junit\arquillian-junit-core\1.1.3.Final\arquillian-junit-core-1.1.3.Final.jar;C:\Users\50437\.m2\repository\org\jboss\arquillian\test\arquillian-test-api\1.1.3.Final\arquillian-test-api-1.1.3.Final.jar;C:\Users\50437\.m2\repository\org\jboss\arquillian\core\arquillian-core-api\1.1.3.Final\arquillian-core-api-1.1.3.Final.jar;C:\Users\50437\.m2\repository\org\jboss\arquillian\test\arquillian-test-spi\1.1.3.Final\arquillian-test-spi-1.1.3.Final.jar;C:\Users\50437\.m2\repository\org\jboss\arquillian\core\arquillian-core-spi\1.1.3.Final\arquillian-core-spi-1.1.3.Final.jar;C:\Users\50437\.m2\repository\org\jboss\arquillian\container\arquillian-container-test-api\1.1.3.Final\arquillian-container-test-api-1.1.3.Final.jar;C:\Users\50437\.m2\repository\org\jboss\shrinkwrap\shrinkwrap-api\1.2.1\shrinkwrap-api-1.2.1.jar;C:\Users\50437\.m2\repository\org\jboss\arquillian\container\arquillian-container-test-spi\1.1.3.Final\arquillian-container-test-spi-1.1.3.Final.jar;C:\Users\50437\.m2\repository\org\jboss\arquillian\container\arquillian-container-spi\1.1.3.Final\arquillian-container-spi-1.1.3.Final.jar;C:\Users\50437\.m2\repository\org\jboss\shrinkwrap\descriptors\shrinkwrap-descriptors-api-base\2.0.0-alpha-5\shrinkwrap-descriptors-api-base-2.0.0-alpha-5.jar;C:\Users\50437\.m2\repository\org\jboss\arquillian\core\arquillian-core-impl-base\1.1.3.Final\arquillian-core-impl-base-1.1.3.Final.jar;C:\Users\50437\.m2\repository\org\jboss\arquillian\test\arquillian-test-impl-base\1.1.3.Final\arquillian-test-impl-base-1.1.3.Final.jar;C:\Users\50437\.m2\repository\org\jboss\arquillian\container\arquillian-container-impl-base\1.1.3.Final\arquillian-container-impl-base-1.1.3.Final.jar;C:\Users\50437\.m2\repository\org\jboss\arquillian\config\arquillian-config-api\1.1.3.Final\arquillian-config-api-1.1.3.Final.jar;C:\Users\50437\.m2\repository\org\jboss\arquillian\config\arquillian-config-impl-base\1.1.3.Final\arquillian-config-impl-base-1.1.3.Final.jar;C:\Users\50437\.m2\repository\org\jboss\shrinkwrap\descriptors\shrinkwrap-descriptors-spi\2.0.0-alpha-5\shrinkwrap-descriptors-spi-2.0.0-alpha-5.jar;C:\Users\50437\.m2\repository\org\easytesting\fest-assert\1.4\fest-assert-1.4.jar;C:\Users\50437\.m2\repository\org\easytesting\fest-util\1.1.6\fest-util-1.1.6.jar;C:\Users\50437\.m2\repository\org\jboss\arquillian\container\arquillian-container-test-impl-base\1.1.3.Final\arquillian-container-test-impl-base-1.1.3.Final.jar;C:\Users\50437\.m2\repository\org\jboss\shrinkwrap\shrinkwrap-impl-base\1.2.1\shrinkwrap-impl-base-1.2.1.jar;C:\Users\50437\.m2\repository\org\jboss\shrinkwrap\shrinkwrap-spi\1.2.1\shrinkwrap-spi-1.2.1.jar;"/>
    <property name="java.io.tmpdir" value="C:\Users\50437\AppData\Local\Temp\"/>
    <property name="env.PROCESSOR_REVISION" value="4e03"/>
    <property name="env.VS120COMNTOOLS" value="C:\Program Files (x86)\Microsoft Visual Studio 12.0\Common7\Tools\"/>
    <property name="java.vendor.url.bug" value="http://bugreport.sun.com/bugreport/"/>
    <property name="maven.multiModuleProjectDirectory" value="C:\Users\50437\IdeaProjects\test"/>
    <property name="env.COMSPEC" value="C:\WINDOWS\system32\cmd.exe"/>
    <property name="env.PROGRAMDATA" value="C:\ProgramData"/>
    <property name="env.FPS_BROWSER_APP_PROFILE_STRING" value="Internet Explorer"/>
    <property name="java.awt.graphicsenv" value="sun.awt.Win32GraphicsEnvironment"/>
    <property name="os.arch" value="amd64"/>
    <property name="java.ext.dirs" value="D:\Program Files\Java\jdk1.8.0_191\jre\lib\ext;C:\WINDOWS\Sun\Java\lib\ext"/>
    <property name="user.dir" value="C:\Users\50437\IdeaProjects\test"/>
    <property name="env.LOCALAPPDATA" value="C:\Users\50437\AppData\Local"/>
    <property name="line.separator" value="
"/>
    <property name="java.vm.name" value="Java HotSpot(TM) 64-Bit Server VM"/>
    <property name="env.PATHEXT" value=".COM;.EXE;.BAT;.CMD;.VBS;.VBE;.JS;.JSE;.WSF;.WSH;.MSC"/>
    <property name="basedir" value="C:\Users\50437\IdeaProjects\test"/>
    <property name="env.USERNAME" value="50437"/>
    <property name="file.encoding" value="UTF-8"/>
    <property name="env.USERDOMAIN" value="LAPTOP-073H2GR2"/>
    <property name="java.specification.version" value="1.8"/>
    <property name="env.VBOX_MSI_INSTALL_PATH" value="C:\Program Files\Oracle\VirtualBox\"/>
    <property name="env.PROCESSOR_LEVEL" value="6"/>
  </properties>
  <testcase classname="sample.CreatureTest" name="testGetCor_x" time="0.007"/>
  <testcase classname="sample.CreatureTest" name="testGetCor_y" time="0"/>
</testsuite>